\BOOKMARK [0][-]{chapter.1}{Dependency-Tree Estimation of Distribution Algorithm Main Page}{}
\BOOKMARK [1][-]{section.1.1}{License Information}{chapter.1}
\BOOKMARK [0][-]{chapter.2}{Dependency-Tree Estimation of Distribution Algorithm Data Structure Index}{}
\BOOKMARK [1][-]{section.2.1}{Dependency-Tree Estimation of Distribution Algorithm Data Structures}{chapter.2}
\BOOKMARK [0][-]{chapter.3}{Dependency-Tree Estimation of Distribution Algorithm File Index}{}
\BOOKMARK [1][-]{section.3.1}{Dependency-Tree Estimation of Distribution Algorithm File List}{chapter.3}
\BOOKMARK [0][-]{chapter.4}{Dependency-Tree Estimation of Distribution Algorithm Data Structure Documentation}{}
\BOOKMARK [1][-]{section.4.1}{AveragePopulationStatistics Struct Reference}{chapter.4}
\BOOKMARK [1][-]{section.4.2}{Parameters Struct Reference}{chapter.4}
\BOOKMARK [1][-]{section.4.3}{PopulationStatistics Struct Reference}{chapter.4}
\BOOKMARK [1][-]{section.4.4}{Status Class Reference}{chapter.4}
\BOOKMARK [1][-]{section.4.5}{TreeModel Class Reference}{chapter.4}
\BOOKMARK [0][-]{chapter.5}{Dependency-Tree Estimation of Distribution Algorithm File Documentation}{}
\BOOKMARK [1][-]{section.5.1}{bisection.cpp File Reference}{chapter.5}
\BOOKMARK [1][-]{section.5.2}{bisection.hpp File Reference}{chapter.5}
\BOOKMARK [1][-]{section.5.3}{eda.cpp File Reference}{chapter.5}
\BOOKMARK [1][-]{section.5.4}{eda.hpp File Reference}{chapter.5}
\BOOKMARK [1][-]{section.5.5}{heap.cpp File Reference}{chapter.5}
\BOOKMARK [1][-]{section.5.6}{heap.hpp File Reference}{chapter.5}
\BOOKMARK [1][-]{section.5.7}{main.cpp File Reference}{chapter.5}
\BOOKMARK [1][-]{section.5.8}{MT.cpp File Reference}{chapter.5}
\BOOKMARK [1][-]{section.5.9}{MT.hpp File Reference}{chapter.5}
\BOOKMARK [1][-]{section.5.10}{obj-function.cpp File Reference}{chapter.5}
\BOOKMARK [1][-]{section.5.11}{obj-function.hpp File Reference}{chapter.5}
\BOOKMARK [1][-]{section.5.12}{parse-input.cpp File Reference}{chapter.5}
\BOOKMARK [1][-]{section.5.13}{parse-input.hpp File Reference}{chapter.5}
\BOOKMARK [1][-]{section.5.14}{random.cpp File Reference}{chapter.5}
\BOOKMARK [1][-]{section.5.15}{random.hpp File Reference}{chapter.5}
\BOOKMARK [1][-]{section.5.16}{stats.cpp File Reference}{chapter.5}
\BOOKMARK [1][-]{section.5.17}{stats.hpp File Reference}{chapter.5}
\BOOKMARK [1][-]{section.5.18}{status.cpp File Reference}{chapter.5}
\BOOKMARK [1][-]{section.5.19}{status.hpp File Reference}{chapter.5}
\BOOKMARK [1][-]{section.5.20}{tree-model.cpp File Reference}{chapter.5}
\BOOKMARK [1][-]{section.5.21}{tree-model.hpp File Reference}{chapter.5}
\BOOKMARK [0][-]{chapter.6}{Dependency-Tree Estimation of Distribution Algorithm Example Documentation}{}
\BOOKMARK [1][-]{section.6.1}{example-num-values.cpp}{chapter.6}
\BOOKMARK [1][-]{section.6.2}{example-trap5.cpp}{chapter.6}
\BOOKMARK [1][-]{section.6.3}{example\137input}{chapter.6}
\BOOKMARK [1][-]{section.6.4}{example\137input\137big}{chapter.6}
\BOOKMARK [1][-]{section.6.5}{example\137input\137bisection}{chapter.6}
